
Oct 03, 2017 09:40:59.98 NEW SESSION
Oct 03, 2017 09:40:59.98 [6588:6816:1003/094059.978:ERROR:connection_factory_impl.cc(386)] Failed to connect to MCS endpoint with error -106
Oct 03, 2017 09:41:22.28 [6588:6816:1003/094122.283:ERROR:connection_factory_impl.cc(386)] Failed to connect to MCS endpoint with error -106
Oct 03, 2017 09:42:04.42 [6588:6816:1003/094204.427:ERROR:connection_factory_impl.cc(386)] Failed to connect to MCS endpoint with error -106
Oct 03, 2017 09:42:19.13 [6512:5876:1003/094219.133:ERROR:connection_factory_impl.cc(386)] Failed to connect to MCS endpoint with error -106
Oct 03, 2017 09:42:40.58 [6512:5876:1003/094240.588:ERROR:connection_factory_impl.cc(386)] Failed to connect to MCS endpoint with error -106
Oct 03, 2017 09:43:24.79 [6512:5876:1003/094324.793:ERROR:connection_factory_impl.cc(386)] Failed to connect to MCS endpoint with error -106
Oct 03, 2017 09:45:10.15 [6512:5876:1003/094510.152:ERROR:connection_factory_impl.cc(386)] Failed to connect to MCS endpoint with error -106
Oct 03, 2017 10:18:21.93 [6512:5876:1003/101821.936:ERROR:socket_stream.cc(210)] Closing stream with result -101

Oct 04, 2017 11:08:26.55 NEW SESSION
Oct 04, 2017 11:08:26.55 [6756:7112:1004/110826.547:ERROR:cache_util_win.cc(20)] Unable to move the cache: 5
Oct 04, 2017 11:08:26.60 [6756:7112:1004/110826.547:ERROR:cache_util.cc(134)] Unable to move cache folder C:\Users\xenturemarketing1\AppData\Local\Google\Chrome\User Data\ShaderCache\GPUCache to C:\Users\xenturemarketing1\AppData\Local\Google\Chrome\User Data\ShaderCache\old_GPUCache_000
Oct 04, 2017 11:08:26.65 [6756:7112:1004/110826.654:ERROR:disk_cache.cc(132)] Unable to create cache
Oct 04, 2017 11:08:26.65 [6756:7112:1004/110826.654:ERROR:shader_disk_cache.cc(604)] Shader Cache Creation failed: -2
Oct 04, 2017 15:43:03.74 [6756:7112:1004/154303.734:ERROR:ssl_client_socket_impl.cc(1129)] handshake failed; returned -1, SSL error code 1, net_error -103

Oct 05, 2017 16:24:33.86 NEW SESSION
Oct 05, 2017 16:24:33.86 [6808:7080:1005/162433.865:ERROR:backend_impl.cc(1021)] Critical error found -8
Oct 05, 2017 16:24:33.93 [6808:7080:1005/162433.872:ERROR:entry_impl.cc(962)] Failed to save user data
Oct 05, 2017 16:24:33.93 [6808:7080:1005/162433.872:ERROR:entry_impl.cc(962)] Failed to save user data

Oct 07, 2017 12:38:00.31 NEW SESSION
Oct 07, 2017 12:38:00.31 [4112:3084:1007/123800.280:ERROR:mcs_client.cc(753)] Received close command, resetting connection.

Oct 09, 2017 10:05:52.89 NEW SESSION
Oct 09, 2017 10:05:52.89 [6508:6916:1009/100552.897:ERROR:cache_util_win.cc(20)] Unable to move the cache: 5
Oct 09, 2017 10:05:52.92 [6508:6916:1009/100552.897:ERROR:cache_util.cc(134)] Unable to move cache folder C:\Users\xenturemarketing1\AppData\Local\Google\Chrome\User Data\ShaderCache\GPUCache to C:\Users\xenturemarketing1\AppData\Local\Google\Chrome\User Data\ShaderCache\old_GPUCache_000
Oct 09, 2017 10:05:52.92 [6508:6916:1009/100552.897:ERROR:disk_cache.cc(132)] Unable to create cache
Oct 09, 2017 10:05:52.92 [6508:6916:1009/100552.897:ERROR:shader_disk_cache.cc(604)] Shader Cache Creation failed: -2
